#
# There is insufficient memory for the Java Runtime Environment to continue.
# Native memory allocation (malloc) failed to allocate 1346096 bytes for Chunk::new
# Possible reasons:
#   The system is out of physical RAM or swap space
#   The process is running with CompressedOops enabled, and the Java Heap may be blocking the growth of the native heap
# Possible solutions:
#   Reduce memory load on the system
#   Increase physical memory or swap space
#   Check if swap backing store is full
#   Decrease Java heap size (-Xmx/-Xms)
#   Decrease number of Java threads
#   Decrease Java thread stack sizes (-Xss)
#   Set larger code cache with -XX:ReservedCodeCacheSize=
#   JVM is running with Unscaled Compressed Oops mode in which the Java heap is
#     placed in the first 4GB address space. The Java Heap base address is the
#     maximum limit for the native heap growth. Please use -XX:HeapBaseMinAddress
#     to set the Java Heap base and to place the Java Heap above 4GB virtual address.
# This output file may be truncated or incomplete.
#
#  Out of Memory Error (src/hotspot/share/memory/arena.cpp:197), pid=10568, tid=10860
#
# JRE version: OpenJDK Runtime Environment (11.0.15) (build 11.0.15+0-b2043.56-8887301)
# Java VM: OpenJDK 64-Bit Server VM (11.0.15+0-b2043.56-8887301, mixed mode, tiered, compressed oops, g1 gc, windows-amd64)
# No core dump will be written. Minidumps are not enabled by default on client versions of Windows
#

---------------  S U M M A R Y ------------

Command Line: --add-opens=java.base/java.util=ALL-UNNAMED --add-opens=java.base/java.lang=ALL-UNNAMED --add-opens=java.base/java.lang.invoke=ALL-UNNAMED --add-opens=java.base/java.util=ALL-UNNAMED --add-opens=java.prefs/java.util.prefs=ALL-UNNAMED --add-opens=java.prefs/java.util.prefs=ALL-UNNAMED --add-opens=java.base/java.nio.charset=ALL-UNNAMED --add-opens=java.base/java.net=ALL-UNNAMED --add-opens=java.base/java.util.concurrent.atomic=ALL-UNNAMED -Xmx2048m -Dfile.encoding=UTF-8 -Duser.country=US -Duser.language=en -Duser.variant org.gradle.launcher.daemon.bootstrap.GradleDaemon 7.5

Host: Intel(R) Core(TM) i7-4790 CPU @ 3.60GHz, 8 cores, 15G,  Windows 10 , 64 bit Build 17763 (10.0.17763.4131)
Time: Wed Mar 29 19:57:36 2023 Taipei Standard Time elapsed time: 3.050860 seconds (0d 0h 0m 3s)

---------------  T H R E A D  ---------------

Current thread (0x0000016bb9829800):  JavaThread "C2 CompilerThread2" daemon [_thread_in_native, id=10860, stack(0x0000002e04900000,0x0000002e04a00000)]


Current CompileTask:
C2:   3050 2288   !   4       java.net.URL::<init> (543 bytes)

Stack: [0x0000002e04900000,0x0000002e04a00000]
Native frames: (J=compiled Java code, j=interpreted, Vv=VM code, C=native code)
V  [jvm.dll+0x64135a]
V  [jvm.dll+0x7d39f9]
V  [jvm.dll+0x7d51b9]
V  [jvm.dll+0x7d58a3]
V  [jvm.dll+0x2691c5]
V  [jvm.dll+0xc1a5c]
V  [jvm.dll+0xc200c]
V  [jvm.dll+0x377462]
V  [jvm.dll+0x342495]
V  [jvm.dll+0x34186a]
V  [jvm.dll+0x2214bd]
V  [jvm.dll+0x220498]
V  [jvm.dll+0x19e851]
V  [jvm.dll+0x230479]
V  [jvm.dll+0x22e5ef]
V  [jvm.dll+0x794de1]
V  [jvm.dll+0x78dc24]
V  [jvm.dll+0x6400f6]
C  [ucrtbase.dll+0x2268a]
C  [KERNEL32.DLL+0x17ab4]
C  [ntdll.dll+0x5a351]


---------------  P R O C E S S  ---------------

Threads class SMR info:
_java_thread_list=0x0000016bba4804b0, length=30, elements={
0x0000016b9b8d6800, 0x0000016bb65e9800, 0x0000016bb65f6800, 0x0000016bb664b800,
0x0000016bb664c800, 0x0000016bb664f000, 0x0000016bb6658000, 0x0000016bb6662800,
0x0000016bb6667800, 0x0000016bb67bc000, 0x0000016bb7a4d000, 0x0000016bb68c3000,
0x0000016bb8030000, 0x0000016bb9264800, 0x0000016bb870a800, 0x0000016bb9309000,
0x0000016bb8d27000, 0x0000016bb7808000, 0x0000016bb8671800, 0x0000016bb932a000,
0x0000016bb8813000, 0x0000016bb8819800, 0x0000016bb8814800, 0x0000016bb8820000,
0x0000016bb9829800, 0x0000016bb8815800, 0x0000016bb8813800, 0x0000016bb8818000,
0x0000016bb8816000, 0x0000016bb8817000
}

Java Threads: ( => current thread )
  0x0000016b9b8d6800 JavaThread "main" [_thread_blocked, id=10892, stack(0x0000002e02200000,0x0000002e02300000)]
  0x0000016bb65e9800 JavaThread "Reference Handler" daemon [_thread_blocked, id=3588, stack(0x0000002e02900000,0x0000002e02a00000)]
  0x0000016bb65f6800 JavaThread "Finalizer" daemon [_thread_blocked, id=7424, stack(0x0000002e02a00000,0x0000002e02b00000)]
  0x0000016bb664b800 JavaThread "Signal Dispatcher" daemon [_thread_blocked, id=7096, stack(0x0000002e02b00000,0x0000002e02c00000)]
  0x0000016bb664c800 JavaThread "Attach Listener" daemon [_thread_blocked, id=328, stack(0x0000002e02c00000,0x0000002e02d00000)]
  0x0000016bb664f000 JavaThread "Service Thread" daemon [_thread_blocked, id=11104, stack(0x0000002e02d00000,0x0000002e02e00000)]
  0x0000016bb6658000 JavaThread "C2 CompilerThread0" daemon [_thread_blocked, id=5124, stack(0x0000002e02e00000,0x0000002e02f00000)]
  0x0000016bb6662800 JavaThread "C1 CompilerThread0" daemon [_thread_blocked, id=8308, stack(0x0000002e02f00000,0x0000002e03000000)]
  0x0000016bb6667800 JavaThread "Sweeper thread" daemon [_thread_blocked, id=11120, stack(0x0000002e03000000,0x0000002e03100000)]
  0x0000016bb67bc000 JavaThread "Common-Cleaner" daemon [_thread_blocked, id=8312, stack(0x0000002e03100000,0x0000002e03200000)]
  0x0000016bb7a4d000 JavaThread "Daemon health stats" [_thread_blocked, id=9076, stack(0x0000002e03a00000,0x0000002e03b00000)]
  0x0000016bb68c3000 JavaThread "Incoming local TCP Connector on port 58727" [_thread_in_native, id=3652, stack(0x0000002e03300000,0x0000002e03400000)]
  0x0000016bb8030000 JavaThread "Daemon periodic checks" [_thread_blocked, id=10440, stack(0x0000002e03900000,0x0000002e03a00000)]
  0x0000016bb9264800 JavaThread "Daemon" [_thread_blocked, id=7956, stack(0x0000002e03b00000,0x0000002e03c00000)]
  0x0000016bb870a800 JavaThread "Handler for socket connection from /127.0.0.1:58727 to /127.0.0.1:58728" [_thread_in_native, id=10768, stack(0x0000002e03c00000,0x0000002e03d00000)]
  0x0000016bb9309000 JavaThread "Cancel handler" [_thread_blocked, id=11192, stack(0x0000002e03d00000,0x0000002e03e00000)]
  0x0000016bb8d27000 JavaThread "Daemon worker" [_thread_in_native, id=10780, stack(0x0000002e03e00000,0x0000002e03f00000)]
  0x0000016bb7808000 JavaThread "Asynchronous log dispatcher for DefaultDaemonConnection: socket connection from /127.0.0.1:58727 to /127.0.0.1:58728" [_thread_blocked, id=9612, stack(0x0000002e03f00000,0x0000002e04000000)]
  0x0000016bb8671800 JavaThread "Stdin handler" [_thread_blocked, id=8088, stack(0x0000002e04000000,0x0000002e04100000)]
  0x0000016bb932a000 JavaThread "Daemon client event forwarder" [_thread_blocked, id=10020, stack(0x0000002e04100000,0x0000002e04200000)]
  0x0000016bb8813000 JavaThread "Cache worker for journal cache (C:\Users\Ranialvz-PC\.gradle\caches\journal-1)" [_thread_blocked, id=880, stack(0x0000002e04200000,0x0000002e04300000)]
  0x0000016bb8819800 JavaThread "File lock request listener" [_thread_in_native, id=10844, stack(0x0000002e04300000,0x0000002e04400000)]
  0x0000016bb8814800 JavaThread "Cache worker for file hash cache (C:\Users\Ranialvz-PC\.gradle\caches\7.5\fileHashes)" [_thread_blocked, id=10540, stack(0x0000002e04400000,0x0000002e04500000)]
  0x0000016bb8820000 JavaThread "C2 CompilerThread1" daemon [_thread_blocked, id=4956, stack(0x0000002e04800000,0x0000002e04900000)]
=>0x0000016bb9829800 JavaThread "C2 CompilerThread2" daemon [_thread_in_native, id=10860, stack(0x0000002e04900000,0x0000002e04a00000)]
  0x0000016bb8815800 JavaThread "File watcher server" daemon [_thread_in_native, id=3096, stack(0x0000002e04a00000,0x0000002e04b00000)]
  0x0000016bb8813800 JavaThread "File watcher consumer" daemon [_thread_blocked, id=6832, stack(0x0000002e04b00000,0x0000002e04c00000)]
  0x0000016bb8818000 JavaThread "Cache worker for checksums cache (C:\Users\Ranialvz-PC\MyApplicationlayout042\.gradle\7.5\checksums)" [_thread_blocked, id=8060, stack(0x0000002e04c00000,0x0000002e04d00000)]
  0x0000016bb8816000 JavaThread "Cache worker for cache directory md-rule (C:\Users\Ranialvz-PC\.gradle\caches\7.5\md-rule)" [_thread_blocked, id=2424, stack(0x0000002e04d00000,0x0000002e04e00000)]
  0x0000016bb8817000 JavaThread "Cache worker for file content cache (C:\Users\Ranialvz-PC\.gradle\caches\7.5\fileContent)" [_thread_blocked, id=8608, stack(0x0000002e04e00000,0x0000002e04f00000)]

Other Threads:
  0x0000016bb65e7800 VMThread "VM Thread" [stack: 0x0000002e02800000,0x0000002e02900000] [id=3640]
  0x0000016bb67cf800 WatcherThread [stack: 0x0000002e03200000,0x0000002e03300000] [id=1864]
  0x0000016b9b8ef800 GCTaskThread "GC Thread#0" [stack: 0x0000002e02300000,0x0000002e02400000] [id=2428]
  0x0000016bb73ae800 GCTaskThread "GC Thread#1" [stack: 0x0000002e03400000,0x0000002e03500000] [id=7000]
  0x0000016bb7610000 GCTaskThread "GC Thread#2" [stack: 0x0000002e03500000,0x0000002e03600000] [id=2348]
  0x0000016bb705d800 GCTaskThread "GC Thread#3" [stack: 0x0000002e03600000,0x0000002e03700000] [id=11240]
  0x0000016bb705e000 GCTaskThread "GC Thread#4" [stack: 0x0000002e03700000,0x0000002e03800000] [id=8912]
  0x0000016bb6f17800 GCTaskThread "GC Thread#5" [stack: 0x0000002e03800000,0x0000002e03900000] [id=492]
  0x0000016bb76f8800 GCTaskThread "GC Thread#6" [stack: 0x0000002e04500000,0x0000002e04600000] [id=10656]
  0x0000016bb9c2e000 GCTaskThread "GC Thread#7" [stack: 0x0000002e04600000,0x0000002e04700000] [id=11176]
  0x0000016b9b922800 ConcurrentGCThread "G1 Main Marker" [stack: 0x0000002e02400000,0x0000002e02500000] [id=3620]
  0x0000016b9b924800 ConcurrentGCThread "G1 Conc#0" [stack: 0x0000002e02500000,0x0000002e02600000] [id=6184]
  0x0000016bb8fd1000 ConcurrentGCThread "G1 Conc#1" [stack: 0x0000002e04700000,0x0000002e04800000] [id=9920]
  0x0000016bb5c3a800 ConcurrentGCThread "G1 Refine#0" [stack: 0x0000002e02600000,0x0000002e02700000] [id=5936]
  0x0000016bb5c3b800 ConcurrentGCThread "G1 Young RemSet Sampling" [stack: 0x0000002e02700000,0x0000002e02800000] [id=10592]

Threads with active compile tasks:
C2 CompilerThread2     3074 2288   !   4       java.net.URL::<init> (543 bytes)

VM state:not at safepoint (normal execution)

VM Mutex/Monitor currently owned by a thread: None

Heap address: 0x0000000080000000, size: 2048 MB, Compressed Oops mode: 32-bit
Narrow klass base: 0x0000000000000000, Narrow klass shift: 3
Compressed class space size: 1073741824 Address: 0x0000000100000000

Heap:
 garbage-first heap   total 262144K, used 37477K [0x0000000080000000, 0x0000000100000000)
  region size 1024K, 22 young (22528K), 3 survivors (3072K)
 Metaspace       used 28221K, capacity 28768K, committed 28976K, reserved 1075200K
  class space    used 3712K, capacity 3949K, committed 3968K, reserved 1048576K
Heap Regions: E=young(eden), S=young(survivor), O=old, HS=humongous(starts), HC=humongous(continues), CS=collection set, F=free, A=archive, TAMS=top-at-mark-start (previous, next)
|   0|0x0000000080000000, 0x0000000080100000, 0x0000000080100000|100%| O|  |TAMS 0x0000000080000000, 0x0000000080000000| Untracked 
|   1|0x0000000080100000, 0x0000000080200000, 0x0000000080200000|100%| O|  |TAMS 0x0000000080100000, 0x0000000080100000| Untracked 
|   2|0x0000000080200000, 0x0000000080300000, 0x0000000080300000|100%| O|  |TAMS 0x0000000080200000, 0x0000000080200000| Untracked 
|   3|0x0000000080300000, 0x0000000080400000, 0x0000000080400000|100%|HS|  |TAMS 0x0000000080400000, 0x0000000080300000| Complete 
|   4|0x0000000080400000, 0x0000000080500000, 0x0000000080500000|100%|HC|  |TAMS 0x0000000080500000, 0x0000000080400000| Complete 
|   5|0x0000000080500000, 0x0000000080600000, 0x0000000080600000|100%|HC|  |TAMS 0x0000000080600000, 0x0000000080500000| Complete 
|   6|0x0000000080600000, 0x0000000080700000, 0x0000000080700000|100%| O|  |TAMS 0x0000000080700000, 0x0000000080600000| Untracked 
|   7|0x0000000080700000, 0x0000000080800000, 0x0000000080800000|100%| O|  |TAMS 0x0000000080800000, 0x0000000080700000| Untracked 
|   8|0x0000000080800000, 0x0000000080900000, 0x0000000080900000|100%| O|  |TAMS 0x00000000808fb800, 0x0000000080800000| Untracked 
|   9|0x0000000080900000, 0x0000000080a00000, 0x0000000080a00000|100%| O|  |TAMS 0x0000000080900000, 0x0000000080900000| Untracked 
|  10|0x0000000080a00000, 0x0000000080b00000, 0x0000000080b00000|100%| O|  |TAMS 0x0000000080a00000, 0x0000000080a00000| Untracked 
|  11|0x0000000080b00000, 0x0000000080c00000, 0x0000000080c00000|100%| O|  |TAMS 0x0000000080b00000, 0x0000000080b00000| Untracked 
|  12|0x0000000080c00000, 0x0000000080d00000, 0x0000000080d00000|100%| O|  |TAMS 0x0000000080c00000, 0x0000000080c00000| Untracked 
|  13|0x0000000080d00000, 0x0000000080e00000, 0x0000000080e00000|100%| O|  |TAMS 0x0000000080d00000, 0x0000000080d00000| Untracked 
|  14|0x0000000080e00000, 0x0000000080f00000, 0x0000000080f00000|100%| O|  |TAMS 0x0000000080e00000, 0x0000000080e00000| Untracked 
|  15|0x0000000080f00000, 0x0000000081000000, 0x0000000081000000|100%| O|  |TAMS 0x0000000080f00000, 0x0000000080f00000| Untracked 
|  16|0x0000000081000000, 0x0000000081026000, 0x0000000081100000| 14%| O|  |TAMS 0x0000000081000000, 0x0000000081000000| Untracked 
|  17|0x0000000081100000, 0x0000000081100000, 0x0000000081200000|  0%| F|  |TAMS 0x0000000081100000, 0x0000000081100000| Untracked 
|  18|0x0000000081200000, 0x0000000081200000, 0x0000000081300000|  0%| F|  |TAMS 0x0000000081200000, 0x0000000081200000| Untracked 
|  19|0x0000000081300000, 0x0000000081300000, 0x0000000081400000|  0%| F|  |TAMS 0x0000000081300000, 0x0000000081300000| Untracked 
|  20|0x0000000081400000, 0x0000000081400000, 0x0000000081500000|  0%| F|  |TAMS 0x0000000081400000, 0x0000000081400000| Untracked 
|  21|0x0000000081500000, 0x0000000081500000, 0x0000000081600000|  0%| F|  |TAMS 0x0000000081500000, 0x0000000081500000| Untracked 
|  22|0x0000000081600000, 0x0000000081600000, 0x0000000081700000|  0%| F|  |TAMS 0x0000000081600000, 0x0000000081600000| Untracked 
|  23|0x0000000081700000, 0x0000000081700000, 0x0000000081800000|  0%| F|  |TAMS 0x0000000081700000, 0x0000000081700000| Untracked 
|  24|0x0000000081800000, 0x0000000081800000, 0x0000000081900000|  0%| F|  |TAMS 0x0000000081800000, 0x0000000081800000| Untracked 
|  25|0x0000000081900000, 0x0000000081900000, 0x0000000081a00000|  0%| F|  |TAMS 0x0000000081900000, 0x0000000081900000| Untracked 
|  26|0x0000000081a00000, 0x0000000081a00000, 0x0000000081b00000|  0%| F|  |TAMS 0x0000000081a00000, 0x0000000081a00000| Untracked 
|  27|0x0000000081b00000, 0x0000000081b00000, 0x0000000081c00000|  0%| F|  |TAMS 0x0000000081b00000, 0x0000000081b00000| Untracked 
|  28|0x0000000081c00000, 0x0000000081c00000, 0x0000000081d00000|  0%| F|  |TAMS 0x0000000081c00000, 0x0000000081c00000| Untracked 
|  29|0x0000000081d00000, 0x0000000081d00000, 0x0000000081e00000|  0%| F|  |TAMS 0x0000000081d00000, 0x0000000081d00000| Untracked 
|  30|0x0000000081e00000, 0x0000000081e00000, 0x0000000081f00000|  0%| F|  |TAMS 0x0000000081e00000, 0x0000000081e00000| Untracked 
|  31|0x0000000081f00000, 0x0000000081f00000, 0x0000000082000000|  0%| F|  |TAMS 0x0000000081f00000, 0x0000000081f00000| Untracked 
|  32|0x0000000082000000, 0x0000000082000000, 0x0000000082100000|  0%| F|  |TAMS 0x0000000082000000, 0x0000000082000000| Untracked 
|  33|0x0000000082100000, 0x0000000082100000, 0x0000000082200000|  0%| F|  |TAMS 0x0000000082100000, 0x0000000082100000| Untracked 
|  34|0x0000000082200000, 0x0000000082200000, 0x0000000082300000|  0%| F|  |TAMS 0x0000000082200000, 0x0000000082200000| Untracked 
|  35|0x0000000082300000, 0x0000000082300000, 0x0000000082400000|  0%| F|  |TAMS 0x0000000082300000, 0x0000000082300000| Untracked 
|  36|0x0000000082400000, 0x0000000082400000, 0x0000000082500000|  0%| F|  |TAMS 0x0000000082400000, 0x0000000082400000| Untracked 
|  37|0x0000000082500000, 0x0000000082500000, 0x0000000082600000|  0%| F|  |TAMS 0x0000000082500000, 0x0000000082500000| Untracked 
|  38|0x0000000082600000, 0x0000000082600000, 0x0000000082700000|  0%| F|  |TAMS 0x0000000082600000, 0x0000000082600000| Untracked 
|  39|0x0000000082700000, 0x0000000082700000, 0x0000000082800000|  0%| F|  |TAMS 0x0000000082700000, 0x0000000082700000| Untracked 
|  40|0x0000000082800000, 0x0000000082800000, 0x0000000082900000|  0%| F|  |TAMS 0x0000000082800000, 0x0000000082800000| Untracked 
|  41|0x0000000082900000, 0x0000000082900000, 0x0000000082a00000|  0%| F|  |TAMS 0x0000000082900000, 0x0000000082900000| Untracked 
|  42|0x0000000082a00000, 0x0000000082a00000, 0x0000000082b00000|  0%| F|  |TAMS 0x0000000082a00000, 0x0000000082a00000| Untracked 
|  43|0x0000000082b00000, 0x0000000082b00000, 0x0000000082c00000|  0%| F|  |TAMS 0x0000000082b00000, 0x0000000082b00000| Untracked 
|  44|0x0000000082c00000, 0x0000000082c00000, 0x0000000082d00000|  0%| F|  |TAMS 0x0000000082c00000, 0x0000000082c00000| Untracked 
|  45|0x0000000082d00000, 0x0000000082d00000, 0x0000000082e00000|  0%| F|  |TAMS 0x0000000082d00000, 0x0000000082d00000| Untracked 
|  46|0x0000000082e00000, 0x0000000082e00000, 0x0000000082f00000|  0%| F|  |TAMS 0x0000000082e00000, 0x0000000082e00000| Untracked 
|  47|0x0000000082f00000, 0x0000000082f00000, 0x0000000083000000|  0%| F|  |TAMS 0x0000000082f00000, 0x0000000082f00000| Untracked 
|  48|0x0000000083000000, 0x0000000083000000, 0x0000000083100000|  0%| F|  |TAMS 0x0000000083000000, 0x0000000083000000| Untracked 
|  49|0x0000000083100000, 0x0000000083100000, 0x0000000083200000|  0%| F|  |TAMS 0x0000000083100000, 0x0000000083100000| Untracked 
|  50|0x0000000083200000, 0x0000000083200000, 0x0000000083300000|  0%| F|  |TAMS 0x0000000083200000, 0x0000000083200000| Untracked 
|  51|0x0000000083300000, 0x0000000083300000, 0x0000000083400000|  0%| F|  |TAMS 0x0000000083300000, 0x0000000083300000| Untracked 
|  52|0x0000000083400000, 0x0000000083400000, 0x0000000083500000|  0%| F|  |TAMS 0x0000000083400000, 0x0000000083400000| Untracked 
|  53|0x0000000083500000, 0x0000000083500000, 0x0000000083600000|  0%| F|  |TAMS 0x0000000083500000, 0x0000000083500000| Untracked 
|  54|0x0000000083600000, 0x0000000083600000, 0x0000000083700000|  0%| F|  |TAMS 0x0000000083600000, 0x0000000083600000| Untracked 
|  55|0x0000000083700000, 0x0000000083700000, 0x0000000083800000|  0%| F|  |TAMS 0x0000000083700000, 0x0000000083700000| Untracked 
|  56|0x0000000083800000, 0x0000000083800000, 0x0000000083900000|  0%| F|  |TAMS 0x0000000083800000, 0x0000000083800000| Untracked 
|  57|0x0000000083900000, 0x0000000083900000, 0x0000000083a00000|  0%| F|  |TAMS 0x0000000083900000, 0x0000000083900000| Untracked 
|  58|0x0000000083a00000, 0x0000000083a00000, 0x0000000083b00000|  0%| F|  |TAMS 0x0000000083a00000, 0x0000000083a00000| Untracked 
|  59|0x0000000083b00000, 0x0000000083b00000, 0x0000000083c00000|  0%| F|  |TAMS 0x0000000083b00000, 0x0000000083b00000| Untracked 
|  60|0x0000000083c00000, 0x0000000083c00000, 0x0000000083d00000|  0%| F|  |TAMS 0x0000000083c00000, 0x0000000083c00000| Untracked 
|  61|0x0000000083d00000, 0x0000000083d00000, 0x0000000083e00000|  0%| F|  |TAMS 0x0000000083d00000, 0x0000000083d00000| Untracked 
|  62|0x0000000083e00000, 0x0000000083e00000, 0x0000000083f00000|  0%| F|  |TAMS 0x0000000083e00000, 0x0000000083e00000| Untracked 
|  63|0x0000000083f00000, 0x0000000083f00000, 0x0000000084000000|  0%| F|  |TAMS 0x0000000083f00000, 0x0000000083f00000| Untracked 
|  64|0x0000000084000000, 0x0000000084000000, 0x0000000084100000|  0%| F|  |TAMS 0x0000000084000000, 0x0000000084000000| Untracked 
|  65|0x0000000084100000, 0x0000000084100000, 0x0000000084200000|  0%| F|  |TAMS 0x0000000084100000, 0x0000000084100000| Untracked 
|  66|0x0000000084200000, 0x0000000084200000, 0x0000000084300000|  0%| F|  |TAMS 0x0000000084200000, 0x0000000084200000| Untracked 
|  67|0x0000000084300000, 0x0000000084300000, 0x0000000084400000|  0%| F|  |TAMS 0x0000000084300000, 0x0000000084300000| Untracked 
|  68|0x0000000084400000, 0x0000000084400000, 0x0000000084500000|  0%| F|  |TAMS 0x0000000084400000, 0x0000000084400000| Untracked 
|  69|0x0000000084500000, 0x0000000084500000, 0x0000000084600000|  0%| F|  |TAMS 0x0000000084500000, 0x0000000084500000| Untracked 
|  70|0x0000000084600000, 0x0000000084600000, 0x0000000084700000|  0%| F|  |TAMS 0x0000000084600000, 0x0000000084600000| Untracked 
|  71|0x0000000084700000, 0x0000000084700000, 0x0000000084800000|  0%| F|  |TAMS 0x0000000084700000, 0x0000000084700000| Untracked 
|  72|0x0000000084800000, 0x0000000084800000, 0x0000000084900000|  0%| F|  |TAMS 0x0000000084800000, 0x0000000084800000| Untracked 
|  73|0x0000000084900000, 0x0000000084900000, 0x0000000084a00000|  0%| F|  |TAMS 0x0000000084900000, 0x0000000084900000| Untracked 
|  74|0x0000000084a00000, 0x0000000084a00000, 0x0000000084b00000|  0%| F|  |TAMS 0x0000000084a00000, 0x0000000084a00000| Untracked 
|  75|0x0000000084b00000, 0x0000000084b00000, 0x0000000084c00000|  0%| F|  |TAMS 0x0000000084b00000, 0x0000000084b00000| Untracked 
|  76|0x0000000084c00000, 0x0000000084c00000, 0x0000000084d00000|  0%| F|  |TAMS 0x0000000084c00000, 0x0000000084c00000| Untracked 
|  77|0x0000000084d00000, 0x0000000084d00000, 0x0000000084e00000|  0%| F|  |TAMS 0x0000000084d00000, 0x0000000084d00000| Untracked 
|  78|0x0000000084e00000, 0x0000000084e00000, 0x0000000084f00000|  0%| F|  |TAMS 0x0000000084e00000, 0x0000000084e00000| Untracked 
|  79|0x0000000084f00000, 0x0000000084f00000, 0x0000000085000000|  0%| F|  |TAMS 0x0000000084f00000, 0x0000000084f00000| Untracked 
|  80|0x0000000085000000, 0x0000000085000000, 0x0000000085100000|  0%| F|  |TAMS 0x0000000085000000, 0x0000000085000000| Untracked 
|  81|0x0000000085100000, 0x0000000085100000, 0x0000000085200000|  0%| F|  |TAMS 0x0000000085100000, 0x0000000085100000| Untracked 
|  82|0x0000000085200000, 0x0000000085200000, 0x0000000085300000|  0%| F|  |TAMS 0x0000000085200000, 0x0000000085200000| Untracked 
|  83|0x0000000085300000, 0x0000000085300000, 0x0000000085400000|  0%| F|  |TAMS 0x0000000085300000, 0x0000000085300000| Untracked 
|  84|0x0000000085400000, 0x0000000085400000, 0x0000000085500000|  0%| F|  |TAMS 0x0000000085400000, 0x0000000085400000| Untracked 
|  85|0x0000000085500000, 0x0000000085500000, 0x0000000085600000|  0%| F|  |TAMS 0x0000000085500000, 0x0000000085500000| Untracked 
|  86|0x0000000085600000, 0x0000000085600000, 0x0000000085700000|  0%| F|  |TAMS 0x0000000085600000, 0x0000000085600000| Untracked 
|  87|0x0000000085700000, 0x0000000085700000, 0x0000000085800000|  0%| F|  |TAMS 0x0000000085700000, 0x0000000085700000| Untracked 
|  88|0x0000000085800000, 0x0000000085800000, 0x0000000085900000|  0%| F|  |TAMS 0x0000000085800000, 0x0000000085800000| Untracked 
|  89|0x0000000085900000, 0x0000000085900000, 0x0000000085a00000|  0%| F|  |TAMS 0x0000000085900000, 0x0000000085900000| Untracked 
|  90|0x0000000085a00000, 0x0000000085a00000, 0x0000000085b00000|  0%| F|  |TAMS 0x0000000085a00000, 0x0000000085a00000| Untracked 
|  91|0x0000000085b00000, 0x0000000085b00000, 0x0000000085c00000|  0%| F|  |TAMS 0x0000000085b00000, 0x0000000085b00000| Untracked 
|  92|0x0000000085c00000, 0x0000000085c00000, 0x0000000085d00000|  0%| F|  |TAMS 0x0000000085c00000, 0x0000000085c00000| Untracked 
|  93|0x0000000085d00000, 0x0000000085d00000, 0x0000000085e00000|  0%| F|  |TAMS 0x0000000085d00000, 0x0000000085d00000| Untracked 
|  94|0x0000000085e00000, 0x0000000085e00000, 0x0000000085f00000|  0%| F|  |TAMS 0x0000000085e00000, 0x0000000085e00000| Untracked 
|  95|0x0000000085f00000, 0x0000000085f00000, 0x0000000086000000|  0%| F|  |TAMS 0x0000000085f00000, 0x0000000085f00000| Untracked 
|  96|0x0000000086000000, 0x0000000086000000, 0x0000000086100000|  0%| F|  |TAMS 0x0000000086000000, 0x0000000086000000| Untracked 
|  97|0x0000000086100000, 0x0000000086100000, 0x0000000086200000|  0%| F|  |TAMS 0x0000000086100000, 0x0000000086100000| Untracked 
|  98|0x0000000086200000, 0x0000000086200000, 0x0000000086300000|  0%| F|  |TAMS 0x0000000086200000, 0x0000000086200000| Untracked 
|  99|0x0000000086300000, 0x0000000086300000, 0x0000000086400000|  0%| F|  |TAMS 0x0000000086300000, 0x0000000086300000| Untracked 
| 100|0x0000000086400000, 0x0000000086400000, 0x0000000086500000|  0%| F|  |TAMS 0x0000000086400000, 0x0000000086400000| Untracked 
| 101|0x0000000086500000, 0x0000000086500000, 0x0000000086600000|  0%| F|  |TAMS 0x0000000086500000, 0x0000000086500000| Untracked 
| 102|0x0000000086600000, 0x0000000086600000, 0x0000000086700000|  0%| F|  |TAMS 0x0000000086600000, 0x0000000086600000| Untracked 
| 103|0x0000000086700000, 0x0000000086700000, 0x0000000086800000|  0%| F|  |TAMS 0x0000000086700000, 0x0000000086700000| Untracked 
| 104|0x0000000086800000, 0x0000000086800000, 0x0000000086900000|  0%| F|  |TAMS 0x0000000086800000, 0x0000000086800000| Untracked 
| 105|0x0000000086900000, 0x0000000086900000, 0x0000000086a00000|  0%| F|  |TAMS 0x0000000086900000, 0x0000000086900000| Untracked 
| 106|0x0000000086a00000, 0x0000000086a00000, 0x0000000086b00000|  0%| F|  |TAMS 0x0000000086a00000, 0x0000000086a00000| Untracked 
| 107|0x0000000086b00000, 0x0000000086b00000, 0x0000000086c00000|  0%| F|  |TAMS 0x0000000086b00000, 0x0000000086b00000| Untracked 
| 108|0x0000000086c00000, 0x0000000086c00000, 0x0000000086d00000|  0%| F|  |TAMS 0x0000000086c00000, 0x0000000086c00000| Untracked 
| 109|0x0000000086d00000, 0x0000000086d00000, 0x0000000086e00000|  0%| F|  |TAMS 0x0000000086d00000, 0x0000000086d00000| Untracked 
| 110|0x0000000086e00000, 0x0000000086e00000, 0x0000000086f00000|  0%| F|  |TAMS 0x0000000086e00000, 0x0000000086e00000| Untracked 
| 111|0x0000000086f00000, 0x0000000086f00000, 0x0000000087000000|  0%| F|  |TAMS 0x0000000086f00000, 0x0000000086f00000| Untracked 
| 112|0x0000000087000000, 0x0000000087000000, 0x0000000087100000|  0%| F|  |TAMS 0x0000000087000000, 0x0000000087000000| Untracked 
| 113|0x0000000087100000, 0x0000000087100000, 0x0000000087200000|  0%| F|  |TAMS 0x0000000087100000, 0x0000000087100000| Untracked 
| 114|0x0000000087200000, 0x0000000087200000, 0x0000000087300000|  0%| F|  |TAMS 0x0000000087200000, 0x0000000087200000| Untracked 
| 115|0x0000000087300000, 0x0000000087300000, 0x0000000087400000|  0%| F|  |TAMS 0x0000000087300000, 0x0000000087300000| Untracked 
| 116|0x0000000087400000, 0x0000000087400000, 0x0000000087500000|  0%| F|  |TAMS 0x0000000087400000, 0x0000000087400000| Untracked 
| 117|0x0000000087500000, 0x0000000087500000, 0x0000000087600000|  0%| F|  |TAMS 0x0000000087500000, 0x0000000087500000| Untracked 
| 118|0x0000000087600000, 0x0000000087600000, 0x0000000087700000|  0%| F|  |TAMS 0x0000000087600000, 0x0000000087600000| Untracked 
| 119|0x0000000087700000, 0x0000000087700000, 0x0000000087800000|  0%| F|  |TAMS 0x0000000087700000, 0x0000000087700000| Untracked 
| 120|0x0000000087800000, 0x0000000087800000, 0x0000000087900000|  0%| F|  |TAMS 0x0000000087800000, 0x0000000087800000| Untracked 
| 121|0x0000000087900000, 0x0000000087900000, 0x0000000087a00000|  0%| F|  |TAMS 0x0000000087900000, 0x0000000087900000| Untracked 
| 122|0x0000000087a00000, 0x0000000087a00000, 0x0000000087b00000|  0%| F|  |TAMS 0x0000000087a00000, 0x0000000087a00000| Untracked 
| 123|0x0000000087b00000, 0x0000000087b00000, 0x0000000087c00000|  0%| F|  |TAMS 0x0000000087b00000, 0x0000000087b00000| Untracked 
| 124|0x0000000087c00000, 0x0000000087c00000, 0x0000000087d00000|  0%| F|  |TAMS 0x0000000087c00000, 0x0000000087c00000| Untracked 
| 125|0x0000000087d00000, 0x0000000087d00000, 0x0000000087e00000|  0%| F|  |TAMS 0x0000000087d00000, 0x0000000087d00000| Untracked 
| 126|0x0000000087e00000, 0x0000000087e00000, 0x0000000087f00000|  0%| F|  |TAMS 0x0000000087e00000, 0x0000000087e00000| Untracked 
| 127|0x0000000087f00000, 0x0000000087f00000, 0x0000000088000000|  0%| F|  |TAMS 0x0000000087f00000, 0x0000000087f00000| Untracked 
| 128|0x0000000088000000, 0x0000000088000000, 0x0000000088100000|  0%| F|  |TAMS 0x0000000088000000, 0x0000000088000000| Untracked 
| 129|0x0000000088100000, 0x0000000088100000, 0x0000000088200000|  0%| F|  |TAMS 0x0000000088100000, 0x0000000088100000| Untracked 
| 130|0x0000000088200000, 0x0000000088200000, 0x0000000088300000|  0%| F|  |TAMS 0x0000000088200000, 0x0000000088200000| Untracked 
| 131|0x0000000088300000, 0x0000000088300000, 0x0000000088400000|  0%| F|  |TAMS 0x0000000088300000, 0x0000000088300000| Untracked 
| 132|0x0000000088400000, 0x0000000088400000, 0x0000000088500000|  0%| F|  |TAMS 0x0000000088400000, 0x0000000088400000| Untracked 
| 133|0x0000000088500000, 0x0000000088500000, 0x0000000088600000|  0%| F|  |TAMS 0x0000000088500000, 0x0000000088500000| Untracked 
| 134|0x0000000088600000, 0x0000000088600000, 0x0000000088700000|  0%| F|  |TAMS 0x0000000088600000, 0x0000000088600000| Untracked 
| 135|0x0000000088700000, 0x0000000088700000, 0x0000000088800000|  0%| F|  |TAMS 0x0000000088700000, 0x0000000088700000| Untracked 
| 136|0x0000000088800000, 0x0000000088800000, 0x0000000088900000|  0%| F|  |TAMS 0x0000000088800000, 0x0000000088800000| Untracked 
| 137|0x0000000088900000, 0x0000000088900000, 0x0000000088a00000|  0%| F|  |TAMS 0x0000000088900000, 0x0000000088900000| Untracked 
| 138|0x0000000088a00000, 0x0000000088a00000, 0x0000000088b00000|  0%| F|  |TAMS 0x0000000088a00000, 0x0000000088a00000| Untracked 
| 139|0x0000000088b00000, 0x0000000088b00000, 0x0000000088c00000|  0%| F|  |TAMS 0x0000000088b00000, 0x0000000088b00000| Untracked 
| 140|0x0000000088c00000, 0x0000000088c00000, 0x0000000088d00000|  0%| F|  |TAMS 0x0000000088c00000, 0x0000000088c00000| Untracked 
| 141|0x0000000088d00000, 0x0000000088d00000, 0x0000000088e00000|  0%| F|  |TAMS 0x0000000088d00000, 0x0000000088d00000| Untracked 
| 142|0x0000000088e00000, 0x0000000088e00000, 0x0000000088f00000|  0%| F|  |TAMS 0x0000000088e00000, 0x0000000088e00000| Untracked 
| 143|0x0000000088f00000, 0x0000000088f00000, 0x0000000089000000|  0%| F|  |TAMS 0x0000000088f00000, 0x0000000088f00000| Untracked 
| 144|0x0000000089000000, 0x0000000089000000, 0x0000000089100000|  0%| F|  |TAMS 0x0000000089000000, 0x0000000089000000| Untracked 
| 145|0x0000000089100000, 0x0000000089100000, 0x0000000089200000|  0%| F|  |TAMS 0x0000000089100000, 0x0000000089100000| Untracked 
| 146|0x0000000089200000, 0x0000000089200000, 0x0000000089300000|  0%| F|  |TAMS 0x0000000089200000, 0x0000000089200000| Untracked 
| 147|0x0000000089300000, 0x0000000089300000, 0x0000000089400000|  0%| F|  |TAMS 0x0000000089300000, 0x0000000089300000| Untracked 
| 148|0x0000000089400000, 0x0000000089400000, 0x0000000089500000|  0%| F|  |TAMS 0x0000000089400000, 0x0000000089400000| Untracked 
| 149|0x0000000089500000, 0x0000000089500000, 0x0000000089600000|  0%| F|  |TAMS 0x0000000089500000, 0x0000000089500000| Untracked 
| 150|0x0000000089600000, 0x0000000089600000, 0x0000000089700000|  0%| F|  |TAMS 0x0000000089600000, 0x0000000089600000| Untracked 
| 151|0x0000000089700000, 0x0000000089700000, 0x0000000089800000|  0%| F|  |TAMS 0x0000000089700000, 0x0000000089700000| Untracked 
| 152|0x0000000089800000, 0x0000000089800000, 0x0000000089900000|  0%| F|  |TAMS 0x0000000089800000, 0x0000000089800000| Untracked 
| 153|0x0000000089900000, 0x0000000089900000, 0x0000000089a00000|  0%| F|  |TAMS 0x0000000089900000, 0x0000000089900000| Untracked 
| 154|0x0000000089a00000, 0x0000000089a00000, 0x0000000089b00000|  0%| F|  |TAMS 0x0000000089a00000, 0x0000000089a00000| Untracked 
| 155|0x0000000089b00000, 0x0000000089b00000, 0x0000000089c00000|  0%| F|  |TAMS 0x0000000089b00000, 0x0000000089b00000| Untracked 
| 156|0x0000000089c00000, 0x0000000089c00000, 0x0000000089d00000|  0%| F|  |TAMS 0x0000000089c00000, 0x0000000089c00000| Untracked 
| 157|0x0000000089d00000, 0x0000000089d00000, 0x0000000089e00000|  0%| F|  |TAMS 0x0000000089d00000, 0x0000000089d00000| Untracked 
| 158|0x0000000089e00000, 0x0000000089e00000, 0x0000000089f00000|  0%| F|  |TAMS 0x0000000089e00000, 0x0000000089e00000| Untracked 
| 159|0x0000000089f00000, 0x0000000089f00000, 0x000000008a000000|  0%| F|  |TAMS 0x0000000089f00000, 0x0000000089f00000| Untracked 
| 160|0x000000008a000000, 0x000000008a000000, 0x000000008a100000|  0%| F|  |TAMS 0x000000008a000000, 0x000000008a000000| Untracked 
| 161|0x000000008a100000, 0x000000008a100000, 0x000000008a200000|  0%| F|  |TAMS 0x000000008a100000, 0x000000008a100000| Untracked 
| 162|0x000000008a200000, 0x000000008a200000, 0x000000008a300000|  0%| F|  |TAMS 0x000000008a200000, 0x000000008a200000| Untracked 
| 163|0x000000008a300000, 0x000000008a300000, 0x000000008a400000|  0%| F|  |TAMS 0x000000008a300000, 0x000000008a300000| Untracked 
| 164|0x000000008a400000, 0x000000008a400000, 0x000000008a500000|  0%| F|  |TAMS 0x000000008a400000, 0x000000008a400000| Untracked 
| 165|0x000000008a500000, 0x000000008a500000, 0x000000008a600000|  0%| F|  |TAMS 0x000000008a500000, 0x000000008a500000| Untracked 
| 166|0x000000008a600000, 0x000000008a600000, 0x000000008a700000|  0%| F|  |TAMS 0x000000008a600000, 0x000000008a600000| Untracked 
| 167|0x000000008a700000, 0x000000008a700000, 0x000000008a800000|  0%| F|  |TAMS 0x000000008a700000, 0x000000008a700000| Untracked 
| 168|0x000000008a800000, 0x000000008a800000, 0x000000008a900000|  0%| F|  |TAMS 0x000000008a800000, 0x000000008a800000| Untracked 
| 169|0x000000008a900000, 0x000000008a900000, 0x000000008aa00000|  0%| F|  |TAMS 0x000000008a900000, 0x000000008a900000| Untracked 
| 170|0x000000008aa00000, 0x000000008aa00000, 0x000000008ab00000|  0%| F|  |TAMS 0x000000008aa00000, 0x000000008aa00000| Untracked 
| 171|0x000000008ab00000, 0x000000008ab00000, 0x000000008ac00000|  0%| F|  |TAMS 0x000000008ab00000, 0x000000008ab00000| Untracked 
| 172|0x000000008ac00000, 0x000000008ac00000, 0x000000008ad00000|  0%| F|  |TAMS 0x000000008ac00000, 0x000000008ac00000| Untracked 
| 173|0x000000008ad00000, 0x000000008ad00000, 0x000000008ae00000|  0%| F|  |TAMS 0x000000008ad00000, 0x000000008ad00000| Untracked 
| 174|0x000000008ae00000, 0x000000008ae00000, 0x000000008af00000|  0%| F|  |TAMS 0x000000008ae00000, 0x000000008ae00000| Untracked 
| 175|0x000000008af00000, 0x000000008af00000, 0x000000008b000000|  0%| F|  |TAMS 0x000000008af00000, 0x000000008af00000| Untracked 
| 176|0x000000008b000000, 0x000000008b000000, 0x000000008b100000|  0%| F|  |TAMS 0x000000008b000000, 0x000000008b000000| Untracked 
| 177|0x000000008b100000, 0x000000008b100000, 0x000000008b200000|  0%| F|  |TAMS 0x000000008b100000, 0x000000008b100000| Untracked 
| 178|0x000000008b200000, 0x000000008b200000, 0x000000008b300000|  0%| F|  |TAMS 0x000000008b200000, 0x000000008b200000| Untracked 
| 179|0x000000008b300000, 0x000000008b300000, 0x000000008b400000|  0%| F|  |TAMS 0x000000008b300000, 0x000000008b300000| Untracked 
| 180|0x000000008b400000, 0x000000008b400000, 0x000000008b500000|  0%| F|  |TAMS 0x000000008b400000, 0x000000008b400000| Untracked 
| 181|0x000000008b500000, 0x000000008b500000, 0x000000008b600000|  0%| F|  |TAMS 0x000000008b500000, 0x000000008b500000| Untracked 
| 182|0x000000008b600000, 0x000000008b600000, 0x000000008b700000|  0%| F|  |TAMS 0x000000008b600000, 0x000000008b600000| Untracked 
| 183|0x000000008b700000, 0x000000008b700000, 0x000000008b800000|  0%| F|  |TAMS 0x000000008b700000, 0x000000008b700000| Untracked 
| 184|0x000000008b800000, 0x000000008b800000, 0x000000008b900000|  0%| F|  |TAMS 0x000000008b800000, 0x000000008b800000| Untracked 
| 185|0x000000008b900000, 0x000000008b900000, 0x000000008ba00000|  0%| F|  |TAMS 0x000000008b900000, 0x000000008b900000| Untracked 
| 186|0x000000008ba00000, 0x000000008ba00000, 0x000000008bb00000|  0%| F|  |TAMS 0x000000008ba00000, 0x000000008ba00000| Untracked 
| 187|0x000000008bb00000, 0x000000008bb00000, 0x000000008bc00000|  0%| F|  |TAMS 0x000000008bb00000, 0x000000008bb00000| Untracked 
| 188|0x000000008bc00000, 0x000000008bc00000, 0x000000008bd00000|  0%| F|  |TAMS 0x000000008bc00000, 0x000000008bc00000| Untracked 
| 189|0x000000008bd00000, 0x000000008bd00000, 0x000000008be00000|  0%| F|  |TAMS 0x000000008bd00000, 0x000000008bd00000| Untracked 
| 190|0x000000008be00000, 0x000000008be00000, 0x000000008bf00000|  0%| F|  |TAMS 0x000000008be00000, 0x000000008be00000| Untracked 
| 191|0x000000008bf00000, 0x000000008bf00000, 0x000000008c000000|  0%| F|  |TAMS 0x000000008bf00000, 0x000000008bf00000| Untracked 
| 192|0x000000008c000000, 0x000000008c000000, 0x000000008c100000|  0%| F|  |TAMS 0x000000008c000000, 0x000000008c000000| Untracked 
| 193|0x000000008c100000, 0x000000008c100000, 0x000000008c200000|  0%| F|  |TAMS 0x000000008c100000, 0x000000008c100000| Untracked 
| 194|0x000000008c200000, 0x000000008c200000, 0x000000008c300000|  0%| F|  |TAMS 0x000000008c200000, 0x000000008c200000| Untracked 
| 195|0x000000008c300000, 0x000000008c300000, 0x000000008c400000|  0%| F|  |TAMS 0x000000008c300000, 0x000000008c300000| Untracked 
| 196|0x000000008c400000, 0x000000008c400000, 0x000000008c500000|  0%| F|  |TAMS 0x000000008c400000, 0x000000008c400000| Untracked 
| 197|0x000000008c500000, 0x000000008c500000, 0x000000008c600000|  0%| F|  |TAMS 0x000000008c500000, 0x000000008c500000| Untracked 
| 198|0x000000008c600000, 0x000000008c6734a0, 0x000000008c700000| 45%| S|CS|TAMS 0x000000008c600000, 0x000000008c600000| Complete 
| 199|0x000000008c700000, 0x000000008c800000, 0x000000008c800000|100%| S|CS|TAMS 0x000000008c700000, 0x000000008c700000| Complete 
| 200|0x000000008c800000, 0x000000008c900000, 0x000000008c900000|100%| S|CS|TAMS 0x000000008c800000, 0x000000008c800000| Complete 
| 201|0x000000008c900000, 0x000000008c900000, 0x000000008ca00000|  0%| F|  |TAMS 0x000000008c900000, 0x000000008c900000| Untracked 
| 202|0x000000008ca00000, 0x000000008ca00000, 0x000000008cb00000|  0%| F|  |TAMS 0x000000008ca00000, 0x000000008ca00000| Untracked 
| 203|0x000000008cb00000, 0x000000008cb00000, 0x000000008cc00000|  0%| F|  |TAMS 0x000000008cb00000, 0x000000008cb00000| Untracked 
| 204|0x000000008cc00000, 0x000000008cc00000, 0x000000008cd00000|  0%| F|  |TAMS 0x000000008cc00000, 0x000000008cc00000| Untracked 
| 205|0x000000008cd00000, 0x000000008cd00000, 0x000000008ce00000|  0%| F|  |TAMS 0x000000008cd00000, 0x000000008cd00000| Untracked 
| 206|0x000000008ce00000, 0x000000008ce00000, 0x000000008cf00000|  0%| F|  |TAMS 0x000000008ce00000, 0x000000008ce00000| Untracked 
| 207|0x000000008cf00000, 0x000000008cf00000, 0x000000008d000000|  0%| F|  |TAMS 0x000000008cf00000, 0x000000008cf00000| Untracked 
| 208|0x000000008d000000, 0x000000008d000000, 0x000000008d100000|  0%| F|  |TAMS 0x000000008d000000, 0x000000008d000000| Untracked 
| 209|0x000000008d100000, 0x000000008d100000, 0x000000008d200000|  0%| F|  |TAMS 0x000000008d100000, 0x000000008d100000| Untracked 
| 210|0x000000008d200000, 0x000000008d200000, 0x000000008d300000|  0%| F|  |TAMS 0x000000008d200000, 0x000000008d200000| Untracked 
| 211|0x000000008d300000, 0x000000008d300000, 0x000000008d400000|  0%| F|  |TAMS 0x000000008d300000, 0x000000008d300000| Untracked 
| 212|0x000000008d400000, 0x000000008d400000, 0x000000008d500000|  0%| F|  |TAMS 0x000000008d400000, 0x000000008d400000| Untracked 
| 213|0x000000008d500000, 0x000000008d500000, 0x000000008d600000|  0%| F|  |TAMS 0x000000008d500000, 0x000000008d500000| Untracked 
| 214|0x000000008d600000, 0x000000008d600000, 0x000000008d700000|  0%| F|  |TAMS 0x000000008d600000, 0x000000008d600000| Untracked 
| 215|0x000000008d700000, 0x000000008d700000, 0x000000008d800000|  0%| F|  |TAMS 0x000000008d700000, 0x000000008d700000| Untracked 
| 216|0x000000008d800000, 0x000000008d800000, 0x000000008d900000|  0%| F|  |TAMS 0x000000008d800000, 0x000000008d800000| Untracked 
| 217|0x000000008d900000, 0x000000008d900000, 0x000000008da00000|  0%| F|  |TAMS 0x000000008d900000, 0x000000008d900000| Untracked 
| 218|0x000000008da00000, 0x000000008da00000, 0x000000008db00000|  0%| F|  |TAMS 0x000000008da00000, 0x000000008da00000| Untracked 
| 219|0x000000008db00000, 0x000000008db00000, 0x000000008dc00000|  0%| F|  |TAMS 0x000000008db00000, 0x000000008db00000| Untracked 
| 220|0x000000008dc00000, 0x000000008dc00000, 0x000000008dd00000|  0%| F|  |TAMS 0x000000008dc00000, 0x000000008dc00000| Untracked 
| 221|0x000000008dd00000, 0x000000008dd00000, 0x000000008de00000|  0%| F|  |TAMS 0x000000008dd00000, 0x000000008dd00000| Untracked 
| 222|0x000000008de00000, 0x000000008de00000, 0x000000008df00000|  0%| F|  |TAMS 0x000000008de00000, 0x000000008de00000| Untracked 
| 223|0x000000008df00000, 0x000000008df00000, 0x000000008e000000|  0%| F|  |TAMS 0x000000008df00000, 0x000000008df00000| Untracked 
| 224|0x000000008e000000, 0x000000008e000000, 0x000000008e100000|  0%| F|  |TAMS 0x000000008e000000, 0x000000008e000000| Untracked 
| 225|0x000000008e100000, 0x000000008e100000, 0x000000008e200000|  0%| F|  |TAMS 0x000000008e100000, 0x000000008e100000| Untracked 
| 226|0x000000008e200000, 0x000000008e200000, 0x000000008e300000|  0%| F|  |TAMS 0x000000008e200000, 0x000000008e200000| Untracked 
| 227|0x000000008e300000, 0x000000008e300000, 0x000000008e400000|  0%| F|  |TAMS 0x000000008e300000, 0x000000008e300000| Untracked 
| 228|0x000000008e400000, 0x000000008e400000, 0x000000008e500000|  0%| F|  |TAMS 0x000000008e400000, 0x000000008e400000| Untracked 
| 229|0x000000008e500000, 0x000000008e500000, 0x000000008e600000|  0%| F|  |TAMS 0x000000008e500000, 0x000000008e500000| Untracked 
| 230|0x000000008e600000, 0x000000008e600000, 0x000000008e700000|  0%| F|  |TAMS 0x000000008e600000, 0x000000008e600000| Untracked 
| 231|0x000000008e700000, 0x000000008e700000, 0x000000008e800000|  0%| F|  |TAMS 0x000000008e700000, 0x000000008e700000| Untracked 
| 232|0x000000008e800000, 0x000000008e800000, 0x000000008e900000|  0%| F|  |TAMS 0x000000008e800000, 0x000000008e800000| Untracked 
| 233|0x000000008e900000, 0x000000008e900000, 0x000000008ea00000|  0%| F|  |TAMS 0x000000008e900000, 0x000000008e900000| Untracked 
| 234|0x000000008ea00000, 0x000000008ea00000, 0x000000008eb00000|  0%| F|  |TAMS 0x000000008ea00000, 0x000000008ea00000| Untracked 
| 235|0x000000008eb00000, 0x000000008eb00000, 0x000000008ec00000|  0%| F|  |TAMS 0x000000008eb00000, 0x000000008eb00000| Untracked 
| 236|0x000000008ec00000, 0x000000008ec00000, 0x000000008ed00000|  0%| F|  |TAMS 0x000000008ec00000, 0x000000008ec00000| Untracked 
| 237|0x000000008ed00000, 0x000000008ed80800, 0x000000008ee00000| 50%| E|  |TAMS 0x000000008ed00000, 0x000000008ed00000| Complete 
| 238|0x000000008ee00000, 0x000000008ef00000, 0x000000008ef00000|100%| E|CS|TAMS 0x000000008ee00000, 0x000000008ee00000| Complete 
| 239|0x000000008ef00000, 0x000000008f000000, 0x000000008f000000|100%| E|CS|TAMS 0x000000008ef00000, 0x000000008ef00000| Complete 
| 240|0x000000008f000000, 0x000000008f100000, 0x000000008f100000|100%| E|CS|TAMS 0x000000008f000000, 0x000000008f000000| Complete 
| 241|0x000000008f100000, 0x000000008f200000, 0x000000008f200000|100%| E|CS|TAMS 0x000000008f100000, 0x000000008f100000| Complete 
| 242|0x000000008f200000, 0x000000008f300000, 0x000000008f300000|100%| E|CS|TAMS 0x000000008f200000, 0x000000008f200000| Complete 
| 243|0x000000008f300000, 0x000000008f400000, 0x000000008f400000|100%| E|CS|TAMS 0x000000008f300000, 0x000000008f300000| Complete 
| 244|0x000000008f400000, 0x000000008f500000, 0x000000008f500000|100%| E|CS|TAMS 0x000000008f400000, 0x000000008f400000| Complete 
| 245|0x000000008f500000, 0x000000008f600000, 0x000000008f600000|100%| E|CS|TAMS 0x000000008f500000, 0x000000008f500000| Complete 
| 246|0x000000008f600000, 0x000000008f700000, 0x000000008f700000|100%| E|CS|TAMS 0x000000008f600000, 0x000000008f600000| Complete 
| 247|0x000000008f700000, 0x000000008f800000, 0x000000008f800000|100%| E|CS|TAMS 0x000000008f700000, 0x000000008f700000| Complete 
| 248|0x000000008f800000, 0x000000008f900000, 0x000000008f900000|100%| E|CS|TAMS 0x000000008f800000, 0x000000008f800000| Complete 
| 249|0x000000008f900000, 0x000000008fa00000, 0x000000008fa00000|100%| E|CS|TAMS 0x000000008f900000, 0x000000008f900000| Complete 
| 250|0x000000008fa00000, 0x000000008fb00000, 0x000000008fb00000|100%| E|CS|TAMS 0x000000008fa00000, 0x000000008fa00000| Complete 
| 251|0x000000008fb00000, 0x000000008fc00000, 0x000000008fc00000|100%| E|CS|TAMS 0x000000008fb00000, 0x000000008fb00000| Complete 
| 252|0x000000008fc00000, 0x000000008fd00000, 0x000000008fd00000|100%| E|CS|TAMS 0x000000008fc00000, 0x000000008fc00000| Complete 
| 253|0x000000008fd00000, 0x000000008fe00000, 0x000000008fe00000|100%| E|CS|TAMS 0x000000008fd00000, 0x000000008fd00000| Complete 
| 254|0x000000008fe00000, 0x000000008ff00000, 0x000000008ff00000|100%| E|CS|TAMS 0x000000008fe00000, 0x000000008fe00000| Complete 
| 255|0x000000008ff00000, 0x0000000090000000, 0x0000000090000000|100%| E|CS|TAMS 0x000000008ff00000, 0x000000008ff00000| Complete 

Card table byte_map: [0x0000016baeb20000,0x0000016baef20000] _byte_map_base: 0x0000016bae720000

Marking Bits (Prev, Next): (CMBitMap*) 0x0000016b9b919a90, (CMBitMap*) 0x0000016b9b919a58
 Prev Bits: [0x0000016bb1320000, 0x0000016bb3320000)
 Next Bits: [0x0000016baf320000, 0x0000016bb1320000)

Polling page: 0x0000016b9b0a0000

Metaspace:

Usage:
  Non-class:     24.30 MB capacity,    23.95 MB ( 99%) used,   294.78 KB (  1%) free+waste,    58.56 KB ( <1%) overhead. 
      Class:      3.86 MB capacity,     3.63 MB ( 94%) used,   198.81 KB (  5%) free+waste,    29.75 KB ( <1%) overhead. 
       Both:     28.16 MB capacity,    27.59 MB ( 98%) used,   493.59 KB (  2%) free+waste,    88.31 KB ( <1%) overhead. 

Virtual space:
  Non-class space:       26.00 MB reserved,      24.42 MB ( 94%) committed 
      Class space:        1.00 GB reserved,       3.88 MB ( <1%) committed 
             Both:        1.03 GB reserved,      28.30 MB (  3%) committed 

Chunk freelists:
   Non-Class:  61.00 KB
       Class:  19.00 KB
        Both:  80.00 KB

MaxMetaspaceSize: 17179869184.00 GB
CompressedClassSpaceSize: 1.00 GB
Initial GC threshold: 20.80 MB
Current GC threshold: 35.08 MB
CDS: off

CodeHeap 'non-profiled nmethods': size=120000Kb used=1282Kb max_used=1282Kb free=118717Kb
 bounds [0x0000016ba6ec0000, 0x0000016ba7130000, 0x0000016bae3f0000]
CodeHeap 'profiled nmethods': size=120000Kb used=4948Kb max_used=4948Kb free=115051Kb
 bounds [0x0000016b9f990000, 0x0000016b9fe70000, 0x0000016ba6ec0000]
CodeHeap 'non-nmethods': size=5760Kb used=1232Kb max_used=1284Kb free=4527Kb
 bounds [0x0000016b9f3f0000, 0x0000016b9f660000, 0x0000016b9f990000]
 total_blobs=2860 nmethods=2350 adapters=422
 compilation: enabled
              stopped_count=0, restarted_count=0
 full_count=0

Compilation events (20 events):
Event: 3.033 Thread 0x0000016bb6662800 2317       3       jdk.internal.reflect.ReflectionFactory::newConstructorAccessor (154 bytes)
Event: 3.036 Thread 0x0000016bb6662800 nmethod 2317 0x0000016b9fe52610 code [0x0000016b9fe529e0, 0x0000016b9fe543b8]
Event: 3.038 Thread 0x0000016bb6662800 2319       3       org.gradle.internal.instantiation.generator.AbstractClassGenerator$DisabledAnnotationValidator::validateMethod (68 bytes)
Event: 3.039 Thread 0x0000016bb6662800 nmethod 2319 0x0000016b9fe54c90 code [0x0000016b9fe54f60, 0x0000016b9fe55988]
Event: 3.039 Thread 0x0000016bb6662800 2320       3       com.google.common.base.Preconditions::checkArgument (13 bytes)
Event: 3.039 Thread 0x0000016bb6662800 nmethod 2320 0x0000016b9fe55d90 code [0x0000016b9fe55f60, 0x0000016b9fe56128]
Event: 3.039 Thread 0x0000016bb6662800 2321       3       com.google.common.collect.Iterators::forArray (51 bytes)
Event: 3.039 Thread 0x0000016bb6662800 nmethod 2321 0x0000016b9fe56210 code [0x0000016b9fe564a0, 0x0000016b9fe56ff8]
Event: 3.039 Thread 0x0000016bb6662800 2325       3       org.objectweb.asm.Type::getArgumentsAndReturnSizes (140 bytes)
Event: 3.041 Thread 0x0000016bb6662800 nmethod 2325 0x0000016b9fe57510 code [0x0000016b9fe57920, 0x0000016b9fe59718]
Event: 3.041 Thread 0x0000016bb6662800 2326       3       org.objectweb.asm.Handler::getExceptionTableLength (21 bytes)
Event: 3.042 Thread 0x0000016bb6662800 nmethod 2326 0x0000016b9fe5a210 code [0x0000016b9fe5a3c0, 0x0000016b9fe5a558]
Event: 3.042 Thread 0x0000016bb6662800 2323       3       org.objectweb.asm.Frame::pop (42 bytes)
Event: 3.042 Thread 0x0000016bb6662800 nmethod 2323 0x0000016b9fe5a690 code [0x0000016b9fe5a840, 0x0000016b9fe5a9d8]
Event: 3.042 Thread 0x0000016bb6662800 2324       3       org.objectweb.asm.SymbolTable::addConstantClass (8 bytes)
Event: 3.042 Thread 0x0000016bb6662800 nmethod 2324 0x0000016b9fe5aa90 code [0x0000016b9fe5ac40, 0x0000016b9fe5ad68]
Event: 3.042 Thread 0x0000016bb6662800 2327       1       org.objectweb.asm.MethodWriter::hasAsmInstructions (5 bytes)
Event: 3.042 Thread 0x0000016bb6662800 nmethod 2327 0x0000016ba6fff890 code [0x0000016ba6fffa40, 0x0000016ba6fffaf8]
Event: 3.042 Thread 0x0000016bb6662800 2322       3       java.util.regex.Pattern$LastNode::match (45 bytes)
Event: 3.042 Thread 0x0000016bb6662800 nmethod 2322 0x0000016b9fe5ae10 code [0x0000016b9fe5afc0, 0x0000016b9fe5b1b8]

GC Heap History (6 events):
Event: 0.679 GC heap before
{Heap before GC invocations=0 (full 0):
 garbage-first heap   total 262144K, used 29696K [0x0000000080000000, 0x0000000100000000)
  region size 1024K, 24 young (24576K), 0 survivors (0K)
 Metaspace       used 9744K, capacity 9896K, committed 10112K, reserved 1058816K
  class space    used 992K, capacity 1069K, committed 1152K, reserved 1048576K
}
Event: 0.683 GC heap after
{Heap after GC invocations=1 (full 0):
 garbage-first heap   total 262144K, used 9198K [0x0000000080000000, 0x0000000100000000)
  region size 1024K, 3 young (3072K), 3 survivors (3072K)
 Metaspace       used 9744K, capacity 9896K, committed 10112K, reserved 1058816K
  class space    used 992K, capacity 1069K, committed 1152K, reserved 1048576K
}
Event: 2.282 GC heap before
{Heap before GC invocations=1 (full 0):
 garbage-first heap   total 262144K, used 108526K [0x0000000080000000, 0x0000000100000000)
  region size 1024K, 100 young (102400K), 3 survivors (3072K)
 Metaspace       used 20766K, capacity 21191K, committed 21296K, reserved 1069056K
  class space    used 2522K, capacity 2685K, committed 2688K, reserved 1048576K
}
Event: 2.289 GC heap after
{Heap after GC invocations=2 (full 0):
 garbage-first heap   total 262144K, used 17108K [0x0000000080000000, 0x0000000100000000)
  region size 1024K, 11 young (11264K), 11 survivors (11264K)
 Metaspace       used 20766K, capacity 21191K, committed 21296K, reserved 1069056K
  class space    used 2522K, capacity 2685K, committed 2688K, reserved 1048576K
}
Event: 2.914 GC heap before
{Heap before GC invocations=3 (full 0):
 garbage-first heap   total 262144K, used 73428K [0x0000000080000000, 0x0000000100000000)
  region size 1024K, 66 young (67584K), 11 survivors (11264K)
 Metaspace       used 26894K, capacity 27487K, committed 27824K, reserved 1073152K
  class space    used 3492K, capacity 3734K, committed 3840K, reserved 1048576K
}
Event: 2.919 GC heap after
{Heap after GC invocations=4 (full 0):
 garbage-first heap   total 262144K, used 19045K [0x0000000080000000, 0x0000000100000000)
  region size 1024K, 3 young (3072K), 3 survivors (3072K)
 Metaspace       used 26894K, capacity 27487K, committed 27824K, reserved 1073152K
  class space    used 3492K, capacity 3734K, committed 3840K, reserved 1048576K
}

Deoptimization events (20 events):
Event: 2.139 Thread 0x0000016bb8d27000 Uncommon trap: trap_request=0xffffff4d fr.pc=0x0000016ba6f38adc relative=0x000000000000051c
Event: 2.139 Thread 0x0000016bb8d27000 Uncommon trap: reason=unstable_if action=reinterpret pc=0x0000016ba6f38adc method=java.io.File.getName()Ljava/lang/String; @ 16 c2
Event: 2.139 Thread 0x0000016bb8d27000 DEOPT PACKING pc=0x0000016ba6f38adc sp=0x0000002e03efc920
Event: 2.139 Thread 0x0000016bb8d27000 DEOPT UNPACKING pc=0x0000016b9f43a1af sp=0x0000002e03efc8f0 mode 2
Event: 2.139 Thread 0x0000016bb8d27000 Uncommon trap: trap_request=0xffffff4d fr.pc=0x0000016ba6f36534 relative=0x0000000000000474
Event: 2.139 Thread 0x0000016bb8d27000 Uncommon trap: reason=unstable_if action=reinterpret pc=0x0000016ba6f36534 method=java.lang.String.substring(I)Ljava/lang/String; @ 34 c2
Event: 2.139 Thread 0x0000016bb8d27000 DEOPT PACKING pc=0x0000016ba6f36534 sp=0x0000002e03efc8a0
Event: 2.139 Thread 0x0000016bb8d27000 DEOPT UNPACKING pc=0x0000016b9f43a1af sp=0x0000002e03efc878 mode 2
Event: 2.356 Thread 0x0000016bb8d27000 Uncommon trap: trap_request=0xffffff4d fr.pc=0x0000016ba6fa8730 relative=0x00000000000003b0
Event: 2.356 Thread 0x0000016bb8d27000 Uncommon trap: reason=unstable_if action=reinterpret pc=0x0000016ba6fa8730 method=jdk.internal.org.objectweb.asm.Type.getArgumentsAndReturnSizes(Ljava/lang/String;)I @ 88 c2
Event: 2.356 Thread 0x0000016bb8d27000 DEOPT PACKING pc=0x0000016ba6fa8730 sp=0x0000002e03ef9400
Event: 2.356 Thread 0x0000016bb8d27000 DEOPT UNPACKING pc=0x0000016b9f43a1af sp=0x0000002e03ef9388 mode 2
Event: 2.539 Thread 0x0000016bb8d27000 Uncommon trap: trap_request=0xffffff4d fr.pc=0x0000016ba6f15d7c relative=0x000000000000023c
Event: 2.539 Thread 0x0000016bb8d27000 Uncommon trap: reason=unstable_if action=reinterpret pc=0x0000016ba6f15d7c method=java.util.concurrent.ConcurrentHashMap.get(Ljava/lang/Object;)Ljava/lang/Object; @ 76 c2
Event: 2.539 Thread 0x0000016bb8d27000 DEOPT PACKING pc=0x0000016ba6f15d7c sp=0x0000002e03ef8610
Event: 2.539 Thread 0x0000016bb8d27000 DEOPT UNPACKING pc=0x0000016b9f43a1af sp=0x0000002e03ef8578 mode 2
Event: 2.840 Thread 0x0000016bb8d27000 Uncommon trap: trap_request=0xffffff7e fr.pc=0x0000016ba6fdd090 relative=0x0000000000000150
Event: 2.840 Thread 0x0000016bb8d27000 Uncommon trap: reason=predicate action=maybe_recompile pc=0x0000016ba6fdd090 method=com.google.common.base.CharMatcher.indexIn(Ljava/lang/CharSequence;I)I @ 19 c2
Event: 2.840 Thread 0x0000016bb8d27000 DEOPT PACKING pc=0x0000016ba6fdd090 sp=0x0000002e03efb3c0
Event: 2.840 Thread 0x0000016bb8d27000 DEOPT UNPACKING pc=0x0000016b9f43a1af sp=0x0000002e03efb350 mode 2

Classes redefined (0 events):
No events

Internal exceptions (20 events):
Event: 2.312 Thread 0x0000016bb8d27000 Exception <a 'java/lang/NoSuchMethodError'{0x000000008ffe7c68}: 'java.lang.Object java.lang.invoke.DirectMethodHandle$Holder.invokeInterface(java.lang.Object, java.lang.Object, java.lang.Object)'> (0x000000008ffe7c68) thrown at [src/hotspot/share/interpreter/linkResolver.cpp, line 773]
Event: 2.312 Thread 0x0000016bb8d27000 Exception <a 'java/lang/IncompatibleClassChangeError'{0x000000008ffeb140}: Found class java.lang.Object, but interface was expected> (0x000000008ffeb140) thrown at [src/hotspot/share/interpreter/linkResolver.cpp, line 839]
Event: 2.395 Thread 0x0000016bb8d27000 Exception <a 'java/lang/NoSuchMethodError'{0x000000008f7c4f38}: 'void java.lang.invoke.DirectMethodHandle$Holder.invokeSpecial(java.lang.Object, java.lang.Object, java.lang.Object, java.lang.Object, java.lang.Object)'> (0x000000008f7c4f38) thrown at [src/hotspot/share/interpreter/linkResolver.cpp, line 773]
Event: 2.416 Thread 0x0000016bb8d27000 Exception <a 'java/lang/NoSuchMethodError'{0x000000008f5f7e38}: 'java.lang.Object java.lang.invoke.DirectMethodHandle$Holder.invokeSpecial(java.lang.Object, java.lang.Object, java.lang.Object, java.lang.Object, java.lang.Object, java.lang.Object, java.lang.Object, java.lang.Object, java.lang.Object)'> (0x000000008f5f7e38) thrown at [src/hotspot/share/interpreter/linkResolver.cpp, line 773]
Event: 2.496 Thread 0x0000016bb8d27000 Exception <a 'java/lang/NoSuchMethodError'{0x000000008ebfa6d0}: 'java.lang.Object java.lang.invoke.DirectMethodHandle$Holder.invokeVirtual(java.lang.Object, java.lang.Object, java.lang.Object, java.lang.Object)'> (0x000000008ebfa6d0) thrown at [src/hotspot/share/interpreter/linkResolver.cpp, line 773]
Event: 2.576 Thread 0x0000016bb8d27000 Exception <a 'java/lang/NoSuchMethodError'{0x000000008e495ab8}: 'void java.lang.invoke.DirectMethodHandle$Holder.invokeSpecial(java.lang.Object, java.lang.Object, java.lang.Object, java.lang.Object, java.lang.Object, java.lang.Object)'> (0x000000008e495ab8) thrown at [src/hotspot/share/interpreter/linkResolver.cpp, line 773]
Event: 2.578 Thread 0x0000016bb8d27000 Exception <a 'java/lang/NoSuchMethodError'{0x000000008e4c3ef8}: 'java.lang.Object java.lang.invoke.DirectMethodHandle$Holder.invokeSpecial(java.lang.Object, java.lang.Object, java.lang.Object, java.lang.Object, java.lang.Object, java.lang.Object, java.lang.Object, java.lang.Object, int, int)'> (0x000000008e4c3ef8) thrown at [src/hotspot/share/interpreter/linkResolver.cpp, line 773]
Event: 2.580 Thread 0x0000016bb8d27000 Exception <a 'java/lang/NoSuchMethodError'{0x000000008e4e0868}: 'java.lang.Object java.lang.invoke.Invokers$Holder.linkToTargetMethod(java.lang.Object, java.lang.Object, java.lang.Object, java.lang.Object, java.lang.Object, java.lang.Object, java.lang.Object)'> (0x000000008e4e0868) thrown at [src/hotspot/share/interpreter/linkResolver.cpp, line 773]
Event: 2.592 Thread 0x0000016bb8d27000 Exception <a 'java/lang/NoSuchMethodError'{0x000000008e3f3148}: 'void java.lang.invoke.DirectMethodHandle$Holder.invokeSpecial(java.lang.Object, java.lang.Object, java.lang.Object, java.lang.Object, java.lang.Object, java.lang.Object, java.lang.Object)'> (0x000000008e3f3148) thrown at [src/hotspot/share/interpreter/linkResolver.cpp, line 773]
Event: 2.597 Thread 0x0000016bb8d27000 Exception <a 'java/lang/NoSuchMethodError'{0x000000008e236940}: 'java.lang.Object java.lang.invoke.DirectMethodHandle$Holder.invokeStatic(java.lang.Object, java.lang.Object, java.lang.Object, int, java.lang.Object, java.lang.Object)'> (0x000000008e236940) thrown at [src/hotspot/share/interpreter/linkResolver.cpp, line 773]
Event: 2.597 Thread 0x0000016bb8d27000 Exception <a 'java/lang/NoSuchMethodError'{0x000000008e23e050}: 'java.lang.Object java.lang.invoke.Invokers$Holder.linkToTargetMethod(java.lang.Object, java.lang.Object, int, java.lang.Object, java.lang.Object, java.lang.Object)'> (0x000000008e23e050) thrown at [src/hotspot/share/interpreter/linkResolver.cpp, line 773]
Event: 2.624 Thread 0x0000016bb8d27000 Exception <a 'java/lang/NoSuchMethodError'{0x000000008e1f0af8}: 'java.lang.Object java.lang.invoke.DirectMethodHandle$Holder.invokeVirtual(java.lang.Object, java.lang.Object, java.lang.Object, java.lang.Object, java.lang.Object, java.lang.Object, java.lang.Object, java.lang.Object, java.lang.Object, java.lang.Object, java.lang.Object, java.lang.Object, java.lang.Object, java.lang.Object, java.lang.Object, java.lang.Object, java.lang.Object, java.lang.Object, java.lang.Object, java.lang.Object, java.lang.Ob
Event: 2.711 Thread 0x0000016bb8d27000 Exception <a 'java/lang/NoSuchMethodError'{0x000000008d8377c8}: 'int java.lang.invoke.DirectMethodHandle$Holder.invokeStaticInit(java.lang.Object, java.lang.Object, java.lang.Object)'> (0x000000008d8377c8) thrown at [src/hotspot/share/interpreter/linkResolver.cpp, line 773]
Event: 2.787 Thread 0x0000016bb8d27000 Exception <a 'java/lang/NoSuchMethodError'{0x000000008d4eaa30}: 'void java.lang.invoke.DirectMethodHandle$Holder.invokeStaticInit(java.lang.Object, java.lang.Object)'> (0x000000008d4eaa30) thrown at [src/hotspot/share/interpreter/linkResolver.cpp, line 773]
Event: 2.864 Thread 0x0000016bb8d27000 Exception <a 'java/lang/NoSuchMethodError'{0x000000008cd232e0}: 'void java.lang.invoke.DirectMethodHandle$Holder.invokeStatic(java.lang.Object, java.lang.Object, java.lang.Object, java.lang.Object)'> (0x000000008cd232e0) thrown at [src/hotspot/share/interpreter/linkResolver.cpp, line 773]
Event: 2.865 Thread 0x0000016bb8d27000 Exception <a 'java/lang/NoSuchMethodError'{0x000000008cd42828}: 'int java.lang.invoke.DirectMethodHandle$Holder.invokeVirtual(java.lang.Object, java.lang.Object)'> (0x000000008cd42828) thrown at [src/hotspot/share/interpreter/linkResolver.cpp, line 773]
Event: 2.866 Thread 0x0000016bb8d27000 Exception <a 'java/lang/NoSuchMethodError'{0x000000008cd5b5a8}: 'java.lang.Object java.lang.invoke.DirectMethodHandle$Holder.invokeVirtual(java.lang.Object, java.lang.Object, java.lang.Object)'> (0x000000008cd5b5a8) thrown at [src/hotspot/share/interpreter/linkResolver.cpp, line 773]
Event: 2.869 Thread 0x0000016bb8d27000 Exception <a 'java/lang/NoSuchMethodError'{0x000000008cdac298}: 'int java.lang.invoke.DirectMethodHandle$Holder.invokeVirtual(java.lang.Object, java.lang.Object, java.lang.Object)'> (0x000000008cdac298) thrown at [src/hotspot/share/interpreter/linkResolver.cpp, line 773]
Event: 2.886 Thread 0x0000016bb8d27000 Exception <a 'java/lang/NoSuchMethodError'{0x000000008cb76f58}: 'void java.lang.invoke.DirectMethodHandle$Holder.invokeSpecial(java.lang.Object, java.lang.Object)'> (0x000000008cb76f58) thrown at [src/hotspot/share/interpreter/linkResolver.cpp, line 773]
Event: 3.007 Thread 0x0000016bb8d27000 Exception <a 'java/lang/NoSuchMethodError'{0x000000008f302a60}: 'java.lang.Object java.lang.invoke.DirectMethodHandle$Holder.invokeSpecialIFC(java.lang.Object, java.lang.Object, java.lang.Object, java.lang.Object)'> (0x000000008f302a60) thrown at [src/hotspot/share/interpreter/linkResolver.cpp, line 773]

Events (20 events):
Event: 3.046 loading class org/gradle/api/internal/catalog/parser/StrictVersionParser
Event: 3.046 loading class org/gradle/api/internal/catalog/parser/StrictVersionParser done
Event: 3.046 loading class org/gradle/api/internal/notations/DependencyMapNotationConverter
Event: 3.046 loading class org/gradle/api/internal/notations/DependencyMapNotationConverter done
Event: 3.046 loading class org/gradle/api/internal/artifacts/repositories/resolver/DependencyConstraintMetadataImpl
Event: 3.046 loading class org/gradle/api/internal/artifacts/repositories/resolver/DependencyConstraintMetadataImpl done
Event: 3.048 loading class org/gradle/api/artifacts/DependencyConstraintMetadata
Event: 3.048 loading class org/gradle/api/artifacts/DependencyConstraintMetadata done
Event: 3.048 loading class org/gradle/api/internal/notations/ComponentIdentifierParserFactory
Event: 3.048 loading class org/gradle/api/internal/notations/ComponentIdentifierParserFactory done
Event: 3.048 loading class org/gradle/api/internal/notations/ComponentIdentifierParserFactory$StringNotationConverter
Event: 3.048 loading class org/gradle/api/internal/notations/ComponentIdentifierParserFactory$StringNotationConverter done
Event: 3.048 loading class org/gradle/api/internal/notations/ComponentIdentifierParserFactory$ComponentIdentifierMapNotationConverter
Event: 3.048 loading class org/gradle/api/internal/notations/ComponentIdentifierParserFactory$ComponentIdentifierMapNotationConverter done
Event: 3.049 loading class org/gradle/api/internal/artifacts/dsl/MetadataRuleWrapper
Event: 3.049 loading class org/gradle/api/internal/artifacts/dsl/MetadataRuleWrapper done
Event: 3.049 loading class org/gradle/internal/component/external/model/NoOpDerivationStrategy
Event: 3.049 loading class org/gradle/internal/component/external/model/NoOpDerivationStrategy done
Event: 3.049 loading class org/gradle/internal/component/external/model/AbstractStatelessDerivationStrategy
Event: 3.049 loading class org/gradle/internal/component/external/model/AbstractStatelessDerivationStrategy done


Dynamic libraries:
0x00007ff7f6250000 - 0x00007ff7f625a000 	C:\Program Files\Android\Android Studio\jbr\bin\java.exe
0x00007ffdb1f50000 - 0x00007ffdb213e000 	C:\Windows\SYSTEM32\ntdll.dll
0x00007ffdb1c10000 - 0x00007ffdb1cc3000 	C:\Windows\System32\KERNEL32.DLL
0x00007ffdae010000 - 0x00007ffdae2ac000 	C:\Windows\System32\KERNELBASE.dll
0x00007ffdaebe0000 - 0x00007ffdaecda000 	C:\Windows\System32\ucrtbase.dll
0x00007ffd98010000 - 0x00007ffd9802b000 	C:\Program Files\Android\Android Studio\jbr\bin\VCRUNTIME140.dll
0x00007ffd91870000 - 0x00007ffd91887000 	C:\Program Files\Android\Android Studio\jbr\bin\jli.dll
0x00007ffdb1590000 - 0x00007ffdb1728000 	C:\Windows\System32\USER32.dll
0x00007ffdadff0000 - 0x00007ffdae010000 	C:\Windows\System32\win32u.dll
0x00007ffd99d60000 - 0x00007ffd99fd9000 	C:\Windows\WinSxS\amd64_microsoft.windows.common-controls_6595b64144ccf1df_6.0.17763.4131_none_de70d21e534b9adf\COMCTL32.dll
0x00007ffdaf5e0000 - 0x00007ffdaf609000 	C:\Windows\System32\GDI32.dll
0x00007ffdb0d00000 - 0x00007ffdb0d9e000 	C:\Windows\System32\msvcrt.dll
0x00007ffdaece0000 - 0x00007ffdaee80000 	C:\Windows\System32\gdi32full.dll
0x00007ffdb0da0000 - 0x00007ffdb10cc000 	C:\Windows\System32\combase.dll
0x00007ffdaeb40000 - 0x00007ffdaebe0000 	C:\Windows\System32\msvcp_win.dll
0x00007ffdb1e00000 - 0x00007ffdb1f1d000 	C:\Windows\System32\RPCRT4.dll
0x00007ffdae2b0000 - 0x00007ffdae332000 	C:\Windows\System32\bcryptPrimitives.dll
0x00007ffdb14f0000 - 0x00007ffdb151e000 	C:\Windows\System32\IMM32.DLL
0x00007ffd8e410000 - 0x00007ffd8e49d000 	C:\Program Files\Android\Android Studio\jbr\bin\msvcp140.dll
0x00007ffd9d4c0000 - 0x00007ffd9d4cc000 	C:\Windows\SYSTEM32\VCRUNTIME140_1.dll
0x00007ffd84ad0000 - 0x00007ffd8568c000 	C:\Program Files\Android\Android Studio\jbr\bin\server\jvm.dll
0x00007ffdaf3d0000 - 0x00007ffdaf477000 	C:\Windows\System32\ADVAPI32.dll
0x00007ffdaf330000 - 0x00007ffdaf3cf000 	C:\Windows\System32\sechost.dll
0x00007ffdb1130000 - 0x00007ffdb1138000 	C:\Windows\System32\PSAPI.DLL
0x00007ffdaadc0000 - 0x00007ffdaade4000 	C:\Windows\SYSTEM32\WINMM.dll
0x00007ffd9b860000 - 0x00007ffd9b869000 	C:\Windows\SYSTEM32\WSOCK32.dll
0x00007ffda5e50000 - 0x00007ffda5e5a000 	C:\Windows\SYSTEM32\VERSION.dll
0x00007ffdb1520000 - 0x00007ffdb158d000 	C:\Windows\System32\WS2_32.dll
0x00007ffdaacc0000 - 0x00007ffdaaced000 	C:\Windows\SYSTEM32\winmmbase.dll
0x00007ffdaeea0000 - 0x00007ffdaeeea000 	C:\Windows\System32\cfgmgr32.dll
0x00007ffdadf80000 - 0x00007ffdadf91000 	C:\Windows\System32\kernel.appcore.dll
0x00007ffdab370000 - 0x00007ffdab380000 	C:\Program Files\Android\Android Studio\jbr\bin\verify.dll
0x00007ffdac6f0000 - 0x00007ffdac8dd000 	C:\Windows\SYSTEM32\DBGHELP.DLL
0x00007ffd9b7e0000 - 0x00007ffd9b80a000 	C:\Windows\SYSTEM32\dbgcore.DLL
0x00007ffdab2f0000 - 0x00007ffdab318000 	C:\Program Files\Android\Android Studio\jbr\bin\java.dll
0x00007ffdab360000 - 0x00007ffdab36a000 	C:\Program Files\Android\Android Studio\jbr\bin\jimage.dll
0x00007ffda92d0000 - 0x00007ffda92e8000 	C:\Program Files\Android\Android Studio\jbr\bin\zip.dll
0x00007ffdaf800000 - 0x00007ffdb0cf8000 	C:\Windows\System32\SHELL32.dll
0x00007ffdb1370000 - 0x00007ffdb1417000 	C:\Windows\System32\shcore.dll
0x00007ffdae3f0000 - 0x00007ffdaeb39000 	C:\Windows\System32\windows.storage.dll
0x00007ffdadfa0000 - 0x00007ffdadfc3000 	C:\Windows\System32\profapi.dll
0x00007ffdadf20000 - 0x00007ffdadf7d000 	C:\Windows\System32\powrprof.dll
0x00007ffdaf580000 - 0x00007ffdaf5d2000 	C:\Windows\System32\shlwapi.dll
0x00007ffdaee80000 - 0x00007ffdaee9b000 	C:\Windows\System32\cryptsp.dll
0x00007ffda8100000 - 0x00007ffda8119000 	C:\Program Files\Android\Android Studio\jbr\bin\net.dll
0x00007ffd9f580000 - 0x00007ffd9f67f000 	C:\Windows\SYSTEM32\WINHTTP.dll
0x00007ffdad770000 - 0x00007ffdad7d7000 	C:\Windows\system32\mswsock.dll
0x00007ffda80e0000 - 0x00007ffda80f3000 	C:\Program Files\Android\Android Studio\jbr\bin\nio.dll
0x00007ffd95cb0000 - 0x00007ffd95cd7000 	C:\Users\Ranialvz-PC\.gradle\native\e1d6ef7f7dcc3fd88c89a11ec53ec762bb8ba0a96d01ffa2cd45eb1d1d8dd5c5\windows-amd64\native-platform.dll
0x00007ffd8d620000 - 0x00007ffd8d764000 	C:\Users\Ranialvz-PC\.gradle\native\0d407fdbe67a94daf76414ababcb853783967236a71b16ec16e742cd7a986fd3\windows-amd64\native-platform-file-events.dll
0x00007ffda92c0000 - 0x00007ffda92ca000 	C:\Program Files\Android\Android Studio\jbr\bin\management.dll
0x00007ffda8710000 - 0x00007ffda871b000 	C:\Program Files\Android\Android Studio\jbr\bin\management_ext.dll
0x00007ffdad2f0000 - 0x00007ffdad323000 	C:\Windows\system32\rsaenh.dll
0x00007ffdaeef0000 - 0x00007ffdaef16000 	C:\Windows\System32\bcrypt.dll
0x00007ffdade50000 - 0x00007ffdade79000 	C:\Windows\SYSTEM32\USERENV.dll
0x00007ffdad940000 - 0x00007ffdad94c000 	C:\Windows\SYSTEM32\CRYPTBASE.dll
0x00007ffdad480000 - 0x00007ffdad4bd000 	C:\Windows\SYSTEM32\IPHLPAPI.DLL
0x00007ffdaf790000 - 0x00007ffdaf798000 	C:\Windows\System32\NSI.dll
0x00007ffd9f470000 - 0x00007ffd9f486000 	C:\Windows\SYSTEM32\dhcpcsvc6.DLL
0x00007ffd9f560000 - 0x00007ffd9f57c000 	C:\Windows\SYSTEM32\dhcpcsvc.DLL
0x00007ffdad4c0000 - 0x00007ffdad586000 	C:\Windows\SYSTEM32\DNSAPI.dll

dbghelp: loaded successfully - version: 4.0.5 - missing functions: none
symbol engine: initialized successfully - sym options: 0x614 - pdb path: .;C:\Program Files\Android\Android Studio\jbr\bin;C:\Windows\SYSTEM32;C:\Windows\WinSxS\amd64_microsoft.windows.common-controls_6595b64144ccf1df_6.0.17763.4131_none_de70d21e534b9adf;C:\Program Files\Android\Android Studio\jbr\bin\server;C:\Users\Ranialvz-PC\.gradle\native\e1d6ef7f7dcc3fd88c89a11ec53ec762bb8ba0a96d01ffa2cd45eb1d1d8dd5c5\windows-amd64;C:\Users\Ranialvz-PC\.gradle\native\0d407fdbe67a94daf76414ababcb853783967236a71b16ec16e742cd7a986fd3\windows-amd64

VM Arguments:
jvm_args: --add-opens=java.base/java.util=ALL-UNNAMED --add-opens=java.base/java.lang=ALL-UNNAMED --add-opens=java.base/java.lang.invoke=ALL-UNNAMED --add-opens=java.base/java.util=ALL-UNNAMED --add-opens=java.prefs/java.util.prefs=ALL-UNNAMED --add-opens=java.prefs/java.util.prefs=ALL-UNNAMED --add-opens=java.base/java.nio.charset=ALL-UNNAMED --add-opens=java.base/java.net=ALL-UNNAMED --add-opens=java.base/java.util.concurrent.atomic=ALL-UNNAMED -Xmx2048m -Dfile.encoding=UTF-8 -Duser.country=US -Duser.language=en -Duser.variant 
java_command: org.gradle.launcher.daemon.bootstrap.GradleDaemon 7.5
java_class_path (initial): C:\Users\Ranialvz-PC\.gradle\wrapper\dists\gradle-7.5-bin\f1w0cc9nuo0eivz97x2xlu9sv\gradle-7.5\lib\gradle-launcher-7.5.jar
Launcher Type: SUN_STANDARD

[Global flags]
     intx CICompilerCount                          = 4                                         {product} {ergonomic}
     uint ConcGCThreads                            = 2                                         {product} {ergonomic}
     uint G1ConcRefinementThreads                  = 8                                         {product} {ergonomic}
   size_t G1HeapRegionSize                         = 1048576                                   {product} {ergonomic}
    uintx GCDrainStackTargetSize                   = 64                                        {product} {ergonomic}
   size_t InitialHeapSize                          = 268435456                                 {product} {ergonomic}
   size_t MarkStackSize                            = 4194304                                   {product} {ergonomic}
   size_t MaxHeapSize                              = 2147483648                                {product} {command line}
   size_t MaxNewSize                               = 1287651328                                {product} {ergonomic}
   size_t MinHeapDeltaBytes                        = 1048576                                   {product} {ergonomic}
    uintx NonNMethodCodeHeapSize                   = 5836300                                {pd product} {ergonomic}
    uintx NonProfiledCodeHeapSize                  = 122910970                              {pd product} {ergonomic}
    uintx ProfiledCodeHeapSize                     = 122910970                              {pd product} {ergonomic}
    uintx ReservedCodeCacheSize                    = 251658240                              {pd product} {ergonomic}
     bool SegmentedCodeCache                       = true                                      {product} {ergonomic}
     bool UseCompressedClassPointers               = true                                 {lp64_product} {ergonomic}
     bool UseCompressedOops                        = true                                 {lp64_product} {ergonomic}
     bool UseG1GC                                  = true                                      {product} {ergonomic}
     bool UseLargePagesIndividualAllocation        = false                                  {pd product} {ergonomic}

Logging:
Log output configuration:
 #0: stdout all=warning uptime,level,tags
 #1: stderr all=off uptime,level,tags

Environment Variables:
PATH=C:\Windows\system32;C:\Windows;C:\Windows\System32\Wbem;C:\Windows\System32\WindowsPowerShell\v1.0\;C:\Windows\System32\OpenSSH\;C:\Program Files\PuTTY\;I:\git\Git\cmd;C:\Program Files\dotnet\;C:\Users\Ranialvz-PC\AppData\Local\Programs\Python\Python311\Scripts\;C:\Users\Ranialvz-PC\AppData\Local\Programs\Python\Python311\;C:\Users\Ranialvz-PC\AppData\Local\Microsoft\WindowsApps;I:\intel\IntelliJ IDEA Community Edition 2022.3.2\bin;;C:\Users\Ranialvz-PC\AppData\Local\GitHubDesktop\bin
USERNAME=Ranialvz-PC
OS=Windows_NT
PROCESSOR_IDENTIFIER=Intel64 Family 6 Model 60 Stepping 3, GenuineIntel



---------------  S Y S T E M  ---------------

OS: Windows 10 , 64 bit Build 17763 (10.0.17763.4131)
OS uptime: 0 days 10:15 hours

CPU:total 8 (initial active 8) (4 cores per cpu, 2 threads per core) family 6 model 60 stepping 3 microcode 0x28, cmov, cx8, fxsr, mmx, sse, sse2, sse3, ssse3, sse4.1, sse4.2, popcnt, avx, avx2, aes, clmul, erms, lzcnt, ht, tsc, tscinvbit, bmi1, bmi2, fma

Memory: 4k page, system-wide physical 16318M (1319M free)
TotalPageFile size 18366M (AvailPageFile size 4M)
current process WorkingSet (physical memory assigned to process): 259M, peak: 259M
current process commit charge ("private bytes"): 429M, peak: 432M

vm_info: OpenJDK 64-Bit Server VM (11.0.15+0-b2043.56-8887301) for windows-amd64 JRE (11.0.15+0-b2043.56-8887301), built on Jul 29 2022 23:19:47 by "builduser" with unknown MS VC++:1929

END.
